# JRE version: OpenJDK Runtime Environment Temurin-21.0.5+11 (21.0.5+11) (build 21.0.5+11-LTS)
# Java VM: OpenJDK 64-Bit Server VM Temurin-21.0.5+11 (21.0.5+11-LTS, mixed mode, sharing, tiered, compressed oops, compressed class ptrs, parallel gc, windows-amd64)
GC Precious Log:
 CardTable entry size: 512
 CPUs: 12 total, 12 available
 Memory: 16176M
 Large Page Support: Disabled
 NUMA Support: Disabled
 Compressed Oops: Enabled (32-bit)
 Alignments: Space 512K, Generation 512K, Heap 2M
 Heap Min Capacity: 100M
 Heap Initial Capacity: 100M
 Heap Max Capacity: 1G
 Pre-touch: Disabled
 Parallel Workers: 10
Heap:
 PSYoungGen      total 2048K, used 893K [0x00000000eab00000, 0x00000000eae00000, 0x0000000100000000)
  eden space 1536K, 39% used [0x00000000eab00000,0x00000000eab976d0,0x00000000eac80000)
  from space 512K, 56% used [0x00000000ead00000,0x00000000ead48000,0x00000000ead80000)
  to   space 512K, 0% used [0x00000000ead80000,0x00000000ead80000,0x00000000eae00000)
 ParOldGen       total 669696K, used 669504K [0x00000000c0000000, 0x00000000e8e00000, 0x00000000eab00000)
  object space 669696K, 99% used [0x00000000c0000000,0x00000000e8dd00b0,0x00000000e8e00000)
 Metaspace       used 72791K, committed 74496K, reserved 1179648K
  class space    used 7369K, committed 8128K, reserved 1048576K
GC Heap History (20 events):
Event: 70.244 GC heap before
{Heap before GC invocations=2126 (full 4):
 PSYoungGen      total 2048K, used 1856K [0x00000000eab00000, 0x00000000eae00000, 0x0000000100000000)
  eden space 1536K, 100% used [0x00000000eab00000,0x00000000eac80000,0x00000000eac80000)
  from space 512K, 62% used [0x00000000ead80000,0x00000000eadd0000,0x00000000eae00000)
  to   space 512K, 0% used [0x00000000ead00000,0x00000000ead00000,0x00000000ead80000)
 ParOldGen       total 667648K, used 667496K [0x00000000c0000000, 0x00000000e8c00000, 0x00000000eab00000)
  object space 667648K, 99% used [0x00000000c0000000,0x00000000e8bda270,0x00000000e8c00000)
 Metaspace       used 72037K, committed 73600K, reserved 1179648K
  class space    used 7275K, committed 8000K, reserved 1048576K
}
Event: 70.246 GC heap after
{Heap after GC invocations=2126 (full 4):
 PSYoungGen      total 2048K, used 288K [0x00000000eab00000, 0x00000000eae00000, 0x0000000100000000)
  eden space 1536K, 0% used [0x00000000eab00000,0x00000000eab00000,0x00000000eac80000)
  from space 512K, 56% used [0x00000000ead00000,0x00000000ead48000,0x00000000ead80000)
  to   space 512K, 0% used [0x00000000ead80000,0x00000000ead80000,0x00000000eae00000)
 ParOldGen       total 667648K, used 667544K [0x00000000c0000000, 0x00000000e8c00000, 0x00000000eab00000)
  object space 667648K, 99% used [0x00000000c0000000,0x00000000e8be6270,0x00000000e8c00000)
 Metaspace       used 72037K, committed 73600K, reserved 1179648K
  class space    used 7275K, committed 8000K, reserved 1048576K
}
Event: 70.260 GC heap before
{Heap before GC invocations=2127 (full 4):
 PSYoungGen      total 2048K, used 1824K [0x00000000eab00000, 0x00000000eae00000, 0x0000000100000000)
  eden space 1536K, 100% used [0x00000000eab00000,0x00000000eac80000,0x00000000eac80000)
  from space 512K, 56% used [0x00000000ead00000,0x00000000ead48000,0x00000000ead80000)
  to   space 512K, 0% used [0x00000000ead80000,0x00000000ead80000,0x00000000eae00000)
 ParOldGen       total 667648K, used 667544K [0x00000000c0000000, 0x00000000e8c00000, 0x00000000eab00000)
  object space 667648K, 99% used [0x00000000c0000000,0x00000000e8be6270,0x00000000e8c00000)
 Metaspace       used 72043K, committed 73664K, reserved 1179648K
  class space    used 7275K, committed 8000K, reserved 1048576K
}
Event: 70.262 GC heap after
{Heap after GC invocations=2127 (full 4):
 PSYoungGen      total 2048K, used 224K [0x00000000eab00000, 0x00000000eae00000, 0x0000000100000000)
  eden space 1536K, 0% used [0x00000000eab00000,0x00000000eab00000,0x00000000eac80000)
  from space 512K, 43% used [0x00000000ead80000,0x00000000eadb8000,0x00000000eae00000)
  to   space 512K, 0% used [0x00000000ead00000,0x00000000ead00000,0x00000000ead80000)
 ParOldGen       total 667648K, used 667624K [0x00000000c0000000, 0x00000000e8c00000, 0x00000000eab00000)
  object space 667648K, 99% used [0x00000000c0000000,0x00000000e8bfa270,0x00000000e8c00000)
 Metaspace       used 72043K, committed 73664K, reserved 1179648K
  class space    used 7275K, committed 8000K, reserved 1048576K
}
Event: 70.279 GC heap before
{Heap before GC invocations=2128 (full 4):
 PSYoungGen      total 2048K, used 1760K [0x00000000eab00000, 0x00000000eae00000, 0x0000000100000000)
  eden space 1536K, 100% used [0x00000000eab00000,0x00000000eac80000,0x00000000eac80000)
  from space 512K, 43% used [0x00000000ead80000,0x00000000eadb8000,0x00000000eae00000)
  to   space 512K, 0% used [0x00000000ead00000,0x00000000ead00000,0x00000000ead80000)
 ParOldGen       total 667648K, used 667624K [0x00000000c0000000, 0x00000000e8c00000, 0x00000000eab00000)
  object space 667648K, 99% used [0x00000000c0000000,0x00000000e8bfa270,0x00000000e8c00000)
 Metaspace       used 72047K, committed 73664K, reserved 1179648K
  class space    used 7275K, committed 8000K, reserved 1048576K
}
Event: 70.281 GC heap after
{Heap after GC invocations=2128 (full 4):
 PSYoungGen      total 2048K, used 288K [0x00000000eab00000, 0x00000000eae00000, 0x0000000100000000)
  eden space 1536K, 0% used [0x00000000eab00000,0x00000000eab00000,0x00000000eac80000)
  from space 512K, 56% used [0x00000000ead00000,0x00000000ead48000,0x00000000ead80000)
  to   space 512K, 0% used [0x00000000ead80000,0x00000000ead80000,0x00000000eae00000)
 ParOldGen       total 668160K, used 667734K [0x00000000c0000000, 0x00000000e8c80000, 0x00000000eab00000)
  object space 668160K, 99% used [0x00000000c0000000,0x00000000e8c159b0,0x00000000e8c80000)
 Metaspace       used 72047K, committed 73664K, reserved 1179648K
  class space    used 7275K, committed 8000K, reserved 1048576K
}
Event: 70.297 GC heap before
{Heap before GC invocations=2129 (full 4):
 PSYoungGen      total 2048K, used 1824K [0x00000000eab00000, 0x00000000eae00000, 0x0000000100000000)
  eden space 1536K, 100% used [0x00000000eab00000,0x00000000eac80000,0x00000000eac80000)
  from space 512K, 56% used [0x00000000ead00000,0x00000000ead48000,0x00000000ead80000)
  to   space 512K, 0% used [0x00000000ead80000,0x00000000ead80000,0x00000000eae00000)
 ParOldGen       total 668160K, used 667734K [0x00000000c0000000, 0x00000000e8c80000, 0x00000000eab00000)
  object space 668160K, 99% used [0x00000000c0000000,0x00000000e8c159b0,0x00000000e8c80000)
 Metaspace       used 72057K, committed 73664K, reserved 1179648K
  class space    used 7275K, committed 8000K, reserved 1048576K
}
Event: 70.299 GC heap after
{Heap after GC invocations=2129 (full 4):
 PSYoungGen      total 2048K, used 192K [0x00000000eab00000, 0x00000000eae00000, 0x0000000100000000)
  eden space 1536K, 0% used [0x00000000eab00000,0x00000000eab00000,0x00000000eac80000)
  from space 512K, 37% used [0x00000000ead80000,0x00000000eadb0000,0x00000000eae00000)
  to   space 512K, 0% used [0x00000000ead00000,0x00000000ead00000,0x00000000ead80000)
 ParOldGen       total 668160K, used 667798K [0x00000000c0000000, 0x00000000e8c80000, 0x00000000eab00000)
  object space 668160K, 99% used [0x00000000c0000000,0x00000000e8c259b0,0x00000000e8c80000)
 Metaspace       used 72057K, committed 73664K, reserved 1179648K
  class space    used 7275K, committed 8000K, reserved 1048576K
}
Event: 70.313 GC heap before
{Heap before GC invocations=2130 (full 4):
 PSYoungGen      total 2048K, used 1728K [0x00000000eab00000, 0x00000000eae00000, 0x0000000100000000)
  eden space 1536K, 100% used [0x00000000eab00000,0x00000000eac80000,0x00000000eac80000)
  from space 512K, 37% used [0x00000000ead80000,0x00000000eadb0000,0x00000000eae00000)
  to   space 512K, 0% used [0x00000000ead00000,0x00000000ead00000,0x00000000ead80000)
 ParOldGen       total 668160K, used 667798K [0x00000000c0000000, 0x00000000e8c80000, 0x00000000eab00000)
  object space 668160K, 99% used [0x00000000c0000000,0x00000000e8c259b0,0x00000000e8c80000)
 Metaspace       used 72073K, committed 73664K, reserved 1179648K
  class space    used 7275K, committed 8000K, reserved 1048576K
}
Event: 70.317 GC heap after
{Heap after GC invocations=2130 (full 4):
 PSYoungGen      total 2048K, used 256K [0x00000000eab00000, 0x00000000eae00000, 0x0000000100000000)
  eden space 1536K, 0% used [0x00000000eab00000,0x00000000eab00000,0x00000000eac80000)
  from space 512K, 50% used [0x00000000ead00000,0x00000000ead40000,0x00000000ead80000)
  to   space 512K, 0% used [0x00000000ead80000,0x00000000ead80000,0x00000000eae00000)
 ParOldGen       total 668160K, used 667838K [0x00000000c0000000, 0x00000000e8c80000, 0x00000000eab00000)
  object space 668160K, 99% used [0x00000000c0000000,0x00000000e8c2f9b0,0x00000000e8c80000)
 Metaspace       used 72073K, committed 73664K, reserved 1179648K
  class space    used 7275K, committed 8000K, reserved 1048576K
}
Event: 70.327 GC heap before
{Heap before GC invocations=2131 (full 4):
 PSYoungGen      total 2048K, used 1792K [0x00000000eab00000, 0x00000000eae00000, 0x0000000100000000)
  eden space 1536K, 100% used [0x00000000eab00000,0x00000000eac80000,0x00000000eac80000)
  from space 512K, 50% used [0x00000000ead00000,0x00000000ead40000,0x00000000ead80000)
  to   space 512K, 0% used [0x00000000ead80000,0x00000000ead80000,0x00000000eae00000)
 ParOldGen       total 668160K, used 667838K [0x00000000c0000000, 0x00000000e8c80000, 0x00000000eab00000)
  object space 668160K, 99% used [0x00000000c0000000,0x00000000e8c2f9b0,0x00000000e8c80000)
 Metaspace       used 72073K, committed 73664K, reserved 1179648K
  class space    used 7275K, committed 8000K, reserved 1048576K
}
Event: 70.329 GC heap after
{Heap after GC invocations=2131 (full 4):
 PSYoungGen      total 2048K, used 256K [0x00000000eab00000, 0x00000000eae00000, 0x0000000100000000)
  eden space 1536K, 0% used [0x00000000eab00000,0x00000000eab00000,0x00000000eac80000)
  from space 512K, 50% used [0x00000000ead80000,0x00000000eadc0000,0x00000000eae00000)
  to   space 512K, 0% used [0x00000000ead00000,0x00000000ead00000,0x00000000ead80000)
 ParOldGen       total 668160K, used 667961K [0x00000000c0000000, 0x00000000e8c80000, 0x00000000eab00000)
  object space 668160K, 99% used [0x00000000c0000000,0x00000000e8c4e550,0x00000000e8c80000)
 Metaspace       used 72073K, committed 73664K, reserved 1179648K
  class space    used 7275K, committed 8000K, reserved 1048576K
}
Event: 316.983 GC heap before
{Heap before GC invocations=2132 (full 4):
 PSYoungGen      total 2048K, used 1787K [0x00000000eab00000, 0x00000000eae00000, 0x0000000100000000)
  eden space 1536K, 99% used [0x00000000eab00000,0x00000000eac7ef30,0x00000000eac80000)
  from space 512K, 50% used [0x00000000ead80000,0x00000000eadc0000,0x00000000eae00000)
  to   space 512K, 0% used [0x00000000ead00000,0x00000000ead00000,0x00000000ead80000)
 ParOldGen       total 668160K, used 667961K [0x00000000c0000000, 0x00000000e8c80000, 0x00000000eab00000)
  object space 668160K, 99% used [0x00000000c0000000,0x00000000e8c4e550,0x00000000e8c80000)
 Metaspace       used 72145K, committed 73728K, reserved 1179648K
  class space    used 7286K, committed 8000K, reserved 1048576K
}
Event: 316.986 GC heap after
{Heap after GC invocations=2132 (full 4):
 PSYoungGen      total 2048K, used 320K [0x00000000eab00000, 0x00000000eae00000, 0x0000000100000000)
  eden space 1536K, 0% used [0x00000000eab00000,0x00000000eab00000,0x00000000eac80000)
  from space 512K, 62% used [0x00000000ead00000,0x00000000ead50000,0x00000000ead80000)
  to   space 512K, 0% used [0x00000000ead80000,0x00000000ead80000,0x00000000eae00000)
 ParOldGen       total 668160K, used 668001K [0x00000000c0000000, 0x00000000e8c80000, 0x00000000eab00000)
  object space 668160K, 99% used [0x00000000c0000000,0x00000000e8c58550,0x00000000e8c80000)
 Metaspace       used 72145K, committed 73728K, reserved 1179648K
  class space    used 7286K, committed 8000K, reserved 1048576K
}
Event: 317.023 GC heap before
{Heap before GC invocations=2133 (full 4):
 PSYoungGen      total 2048K, used 1855K [0x00000000eab00000, 0x00000000eae00000, 0x0000000100000000)
  eden space 1536K, 99% used [0x00000000eab00000,0x00000000eac7fff8,0x00000000eac80000)
  from space 512K, 62% used [0x00000000ead00000,0x00000000ead50000,0x00000000ead80000)
  to   space 512K, 0% used [0x00000000ead80000,0x00000000ead80000,0x00000000eae00000)
 ParOldGen       total 668160K, used 668001K [0x00000000c0000000, 0x00000000e8c80000, 0x00000000eab00000)
  object space 668160K, 99% used [0x00000000c0000000,0x00000000e8c58550,0x00000000e8c80000)
 Metaspace       used 72366K, committed 74048K, reserved 1179648K
  class space    used 7305K, committed 8064K, reserved 1048576K
}
Event: 317.025 GC heap after
{Heap after GC invocations=2133 (full 4):
 PSYoungGen      total 2048K, used 288K [0x00000000eab00000, 0x00000000eae00000, 0x0000000100000000)
  eden space 1536K, 0% used [0x00000000eab00000,0x00000000eab00000,0x00000000eac80000)
  from space 512K, 56% used [0x00000000ead80000,0x00000000eadc8000,0x00000000eae00000)
  to   space 512K, 0% used [0x00000000ead00000,0x00000000ead00000,0x00000000ead80000)
 ParOldGen       total 668160K, used 668073K [0x00000000c0000000, 0x00000000e8c80000, 0x00000000eab00000)
  object space 668160K, 99% used [0x00000000c0000000,0x00000000e8c6a550,0x00000000e8c80000)
 Metaspace       used 72366K, committed 74048K, reserved 1179648K
  class space    used 7305K, committed 8064K, reserved 1048576K
}
Event: 746.200 GC heap before
{Heap before GC invocations=2134 (full 4):
 PSYoungGen      total 2048K, used 1823K [0x00000000eab00000, 0x00000000eae00000, 0x0000000100000000)
  eden space 1536K, 99% used [0x00000000eab00000,0x00000000eac7ff90,0x00000000eac80000)
  from space 512K, 56% used [0x00000000ead80000,0x00000000eadc8000,0x00000000eae00000)
  to   space 512K, 0% used [0x00000000ead00000,0x00000000ead00000,0x00000000ead80000)
 ParOldGen       total 668160K, used 668073K [0x00000000c0000000, 0x00000000e8c80000, 0x00000000eab00000)
  object space 668160K, 99% used [0x00000000c0000000,0x00000000e8c6a550,0x00000000e8c80000)
 Metaspace       used 72411K, committed 74048K, reserved 1179648K
  class space    used 7311K, committed 8064K, reserved 1048576K
}
Event: 746.203 GC heap after
{Heap after GC invocations=2134 (full 4):
 PSYoungGen      total 2048K, used 393K [0x00000000eab00000, 0x00000000eae00000, 0x0000000100000000)
  eden space 1536K, 0% used [0x00000000eab00000,0x00000000eab00000,0x00000000eac80000)
  from space 512K, 76% used [0x00000000ead00000,0x00000000ead62420,0x00000000ead80000)
  to   space 512K, 0% used [0x00000000ead80000,0x00000000ead80000,0x00000000eae00000)
 ParOldGen       total 668672K, used 668193K [0x00000000c0000000, 0x00000000e8d00000, 0x00000000eab00000)
  object space 668672K, 99% used [0x00000000c0000000,0x00000000e8c88550,0x00000000e8d00000)
 Metaspace       used 72411K, committed 74048K, reserved 1179648K
  class space    used 7311K, committed 8064K, reserved 1048576K
}
Event: 746.222 GC heap before
{Heap before GC invocations=2135 (full 4):
 PSYoungGen      total 2048K, used 1929K [0x00000000eab00000, 0x00000000eae00000, 0x0000000100000000)
  eden space 1536K, 100% used [0x00000000eab00000,0x00000000eac80000,0x00000000eac80000)
  from space 512K, 76% used [0x00000000ead00000,0x00000000ead62420,0x00000000ead80000)
  to   space 512K, 0% used [0x00000000ead80000,0x00000000ead80000,0x00000000eae00000)
 ParOldGen       total 668672K, used 668193K [0x00000000c0000000, 0x00000000e8d00000, 0x00000000eab00000)
  object space 668672K, 99% used [0x00000000c0000000,0x00000000e8c88550,0x00000000e8d00000)
 Metaspace       used 72525K, committed 74176K, reserved 1179648K
  class space    used 7337K, committed 8064K, reserved 1048576K
}
Event: 746.224 GC heap after
{Heap after GC invocations=2135 (full 4):
 PSYoungGen      total 2048K, used 256K [0x00000000eab00000, 0x00000000eae00000, 0x0000000100000000)
  eden space 1536K, 0% used [0x00000000eab00000,0x00000000eab00000,0x00000000eac80000)
  from space 512K, 50% used [0x00000000ead80000,0x00000000eadc0000,0x00000000eae00000)
  to   space 512K, 0% used [0x00000000ead00000,0x00000000ead00000,0x00000000ead80000)
 ParOldGen       total 668672K, used 668426K [0x00000000c0000000, 0x00000000e8d00000, 0x00000000eab00000)
  object space 668672K, 99% used [0x00000000c0000000,0x00000000e8cc2970,0x00000000e8d00000)
 Metaspace       used 72525K, committed 74176K, reserved 1179648K
  class space    used 7337K, committed 8064K, reserved 1048576K
}

