# JRE version: OpenJDK Runtime Environment Temurin-21.0.5+11 (21.0.5+11) (build 21.0.5+11-LTS)
# Java VM: OpenJDK 64-Bit Server VM Temurin-21.0.5+11 (21.0.5+11-LTS, mixed mode, sharing, tiered, compressed oops, compressed class ptrs, parallel gc, windows-amd64)
GC Precious Log:
 CardTable entry size: 512
 CPUs: 12 total, 12 available
 Memory: 16176M
 Large Page Support: Disabled
 NUMA Support: Disabled
 Compressed Oops: Enabled (32-bit)
 Alignments: Space 512K, Generation 512K, Heap 2M
 Heap Min Capacity: 100M
 Heap Initial Capacity: 100M
 Heap Max Capacity: 1G
 Pre-touch: Disabled
 Parallel Workers: 10
Heap:
 PSYoungGen      total 9728K, used 9440K [0x00000000eab00000, 0x00000000eb680000, 0x0000000100000000)
  eden space 8704K, 100% used [0x00000000eab00000,0x00000000eb380000,0x00000000eb380000)
  from space 1024K, 71% used [0x00000000eb580000,0x00000000eb638000,0x00000000eb680000)
  to   space 1024K, 99% used [0x00000000eb480000,0x00000000eb57d808,0x00000000eb580000)
 ParOldGen       total 593408K, used 593217K [0x00000000c0000000, 0x00000000e4380000, 0x00000000eab00000)
  object space 593408K, 99% used [0x00000000c0000000,0x00000000e4350428,0x00000000e4380000)
 Metaspace       used 64049K, committed 65472K, reserved 1114112K
  class space    used 6614K, committed 7232K, reserved 1048576K
GC Heap History (20 events):
Event: 43.148 GC heap before
{Heap before GC invocations=1041 (full 3):
 PSYoungGen      total 11264K, used 10784K [0x00000000eab00000, 0x00000000eb780000, 0x0000000100000000)
  eden space 9728K, 100% used [0x00000000eab00000,0x00000000eb480000,0x00000000eb480000)
  from space 1536K, 68% used [0x00000000eb480000,0x00000000eb588000,0x00000000eb600000)
  to   space 1536K, 0% used [0x00000000eb600000,0x00000000eb600000,0x00000000eb780000)
 ParOldGen       total 583168K, used 583083K [0x00000000c0000000, 0x00000000e3980000, 0x00000000eab00000)
  object space 583168K, 99% used [0x00000000c0000000,0x00000000e396add0,0x00000000e3980000)
 Metaspace       used 64038K, committed 65472K, reserved 1114112K
  class space    used 6614K, committed 7232K, reserved 1048576K
}
Event: 43.151 GC heap after
{Heap after GC invocations=1041 (full 3):
 PSYoungGen      total 11264K, used 1260K [0x00000000eab00000, 0x00000000eb780000, 0x0000000100000000)
  eden space 9728K, 0% used [0x00000000eab00000,0x00000000eab00000,0x00000000eb480000)
  from space 1536K, 82% used [0x00000000eb600000,0x00000000eb73b008,0x00000000eb780000)
  to   space 1536K, 0% used [0x00000000eb480000,0x00000000eb480000,0x00000000eb600000)
 ParOldGen       total 584192K, used 584019K [0x00000000c0000000, 0x00000000e3a80000, 0x00000000eab00000)
  object space 584192K, 99% used [0x00000000c0000000,0x00000000e3a54dd0,0x00000000e3a80000)
 Metaspace       used 64038K, committed 65472K, reserved 1114112K
  class space    used 6614K, committed 7232K, reserved 1048576K
}
Event: 43.216 GC heap before
{Heap before GC invocations=1042 (full 3):
 PSYoungGen      total 11264K, used 10988K [0x00000000eab00000, 0x00000000eb780000, 0x0000000100000000)
  eden space 9728K, 100% used [0x00000000eab00000,0x00000000eb480000,0x00000000eb480000)
  from space 1536K, 82% used [0x00000000eb600000,0x00000000eb73b008,0x00000000eb780000)
  to   space 1536K, 0% used [0x00000000eb480000,0x00000000eb480000,0x00000000eb600000)
 ParOldGen       total 584192K, used 584019K [0x00000000c0000000, 0x00000000e3a80000, 0x00000000eab00000)
  object space 584192K, 99% used [0x00000000c0000000,0x00000000e3a54dd0,0x00000000e3a80000)
 Metaspace       used 64038K, committed 65472K, reserved 1114112K
  class space    used 6614K, committed 7232K, reserved 1048576K
}
Event: 43.222 GC heap after
{Heap after GC invocations=1042 (full 3):
 PSYoungGen      total 11264K, used 992K [0x00000000eab00000, 0x00000000eb780000, 0x0000000100000000)
  eden space 9728K, 0% used [0x00000000eab00000,0x00000000eab00000,0x00000000eb480000)
  from space 1536K, 64% used [0x00000000eb480000,0x00000000eb578000,0x00000000eb600000)
  to   space 1536K, 0% used [0x00000000eb600000,0x00000000eb600000,0x00000000eb780000)
 ParOldGen       total 585216K, used 585151K [0x00000000c0000000, 0x00000000e3b80000, 0x00000000eab00000)
  object space 585216K, 99% used [0x00000000c0000000,0x00000000e3b6fdd8,0x00000000e3b80000)
 Metaspace       used 64038K, committed 65472K, reserved 1114112K
  class space    used 6614K, committed 7232K, reserved 1048576K
}
Event: 43.322 GC heap before
{Heap before GC invocations=1043 (full 3):
 PSYoungGen      total 11264K, used 10720K [0x00000000eab00000, 0x00000000eb780000, 0x0000000100000000)
  eden space 9728K, 100% used [0x00000000eab00000,0x00000000eb480000,0x00000000eb480000)
  from space 1536K, 64% used [0x00000000eb480000,0x00000000eb578000,0x00000000eb600000)
  to   space 1536K, 0% used [0x00000000eb600000,0x00000000eb600000,0x00000000eb780000)
 ParOldGen       total 585216K, used 585151K [0x00000000c0000000, 0x00000000e3b80000, 0x00000000eab00000)
  object space 585216K, 99% used [0x00000000c0000000,0x00000000e3b6fdd8,0x00000000e3b80000)
 Metaspace       used 64038K, committed 65472K, reserved 1114112K
  class space    used 6614K, committed 7232K, reserved 1048576K
}
Event: 43.326 GC heap after
{Heap after GC invocations=1043 (full 3):
 PSYoungGen      total 11264K, used 1120K [0x00000000eab00000, 0x00000000eb780000, 0x0000000100000000)
  eden space 9728K, 0% used [0x00000000eab00000,0x00000000eab00000,0x00000000eb480000)
  from space 1536K, 72% used [0x00000000eb600000,0x00000000eb718000,0x00000000eb780000)
  to   space 1536K, 0% used [0x00000000eb480000,0x00000000eb480000,0x00000000eb600000)
 ParOldGen       total 586240K, used 586020K [0x00000000c0000000, 0x00000000e3c80000, 0x00000000eab00000)
  object space 586240K, 99% used [0x00000000c0000000,0x00000000e3c493e8,0x00000000e3c80000)
 Metaspace       used 64038K, committed 65472K, reserved 1114112K
  class space    used 6614K, committed 7232K, reserved 1048576K
}
Event: 43.557 GC heap before
{Heap before GC invocations=1044 (full 3):
 PSYoungGen      total 11264K, used 10848K [0x00000000eab00000, 0x00000000eb780000, 0x0000000100000000)
  eden space 9728K, 100% used [0x00000000eab00000,0x00000000eb480000,0x00000000eb480000)
  from space 1536K, 72% used [0x00000000eb600000,0x00000000eb718000,0x00000000eb780000)
  to   space 1536K, 0% used [0x00000000eb480000,0x00000000eb480000,0x00000000eb600000)
 ParOldGen       total 586240K, used 586020K [0x00000000c0000000, 0x00000000e3c80000, 0x00000000eab00000)
  object space 586240K, 99% used [0x00000000c0000000,0x00000000e3c493e8,0x00000000e3c80000)
 Metaspace       used 64038K, committed 65472K, reserved 1114112K
  class space    used 6614K, committed 7232K, reserved 1048576K
}
Event: 43.559 GC heap after
{Heap after GC invocations=1044 (full 3):
 PSYoungGen      total 10752K, used 832K [0x00000000eab00000, 0x00000000eb680000, 0x0000000100000000)
  eden space 9728K, 0% used [0x00000000eab00000,0x00000000eab00000,0x00000000eb480000)
  from space 1024K, 81% used [0x00000000eb480000,0x00000000eb550000,0x00000000eb580000)
  to   space 1024K, 0% used [0x00000000eb580000,0x00000000eb580000,0x00000000eb680000)
 ParOldGen       total 587264K, used 587036K [0x00000000c0000000, 0x00000000e3d80000, 0x00000000eab00000)
  object space 587264K, 99% used [0x00000000c0000000,0x00000000e3d473e8,0x00000000e3d80000)
 Metaspace       used 64038K, committed 65472K, reserved 1114112K
  class space    used 6614K, committed 7232K, reserved 1048576K
}
Event: 43.593 GC heap before
{Heap before GC invocations=1045 (full 3):
 PSYoungGen      total 10752K, used 10560K [0x00000000eab00000, 0x00000000eb680000, 0x0000000100000000)
  eden space 9728K, 100% used [0x00000000eab00000,0x00000000eb480000,0x00000000eb480000)
  from space 1024K, 81% used [0x00000000eb480000,0x00000000eb550000,0x00000000eb580000)
  to   space 1024K, 0% used [0x00000000eb580000,0x00000000eb580000,0x00000000eb680000)
 ParOldGen       total 587264K, used 587036K [0x00000000c0000000, 0x00000000e3d80000, 0x00000000eab00000)
  object space 587264K, 99% used [0x00000000c0000000,0x00000000e3d473e8,0x00000000e3d80000)
 Metaspace       used 64038K, committed 65472K, reserved 1114112K
  class space    used 6614K, committed 7232K, reserved 1048576K
}
Event: 43.596 GC heap after
{Heap after GC invocations=1045 (full 3):
 PSYoungGen      total 9728K, used 1014K [0x00000000eab00000, 0x00000000eb880000, 0x0000000100000000)
  eden space 8704K, 0% used [0x00000000eab00000,0x00000000eab00000,0x00000000eb380000)
  from space 1024K, 99% used [0x00000000eb580000,0x00000000eb67d808,0x00000000eb680000)
  to   space 2048K, 0% used [0x00000000eb380000,0x00000000eb380000,0x00000000eb580000)
 ParOldGen       total 588288K, used 587884K [0x00000000c0000000, 0x00000000e3e80000, 0x00000000eab00000)
  object space 588288K, 99% used [0x00000000c0000000,0x00000000e3e1b3e8,0x00000000e3e80000)
 Metaspace       used 64038K, committed 65472K, reserved 1114112K
  class space    used 6614K, committed 7232K, reserved 1048576K
}
Event: 43.632 GC heap before
{Heap before GC invocations=1046 (full 3):
 PSYoungGen      total 9728K, used 9718K [0x00000000eab00000, 0x00000000eb880000, 0x0000000100000000)
  eden space 8704K, 100% used [0x00000000eab00000,0x00000000eb380000,0x00000000eb380000)
  from space 1024K, 99% used [0x00000000eb580000,0x00000000eb67d808,0x00000000eb680000)
  to   space 2048K, 0% used [0x00000000eb380000,0x00000000eb380000,0x00000000eb580000)
 ParOldGen       total 588288K, used 587884K [0x00000000c0000000, 0x00000000e3e80000, 0x00000000eab00000)
  object space 588288K, 99% used [0x00000000c0000000,0x00000000e3e1b3e8,0x00000000e3e80000)
 Metaspace       used 64038K, committed 65472K, reserved 1114112K
  class space    used 6614K, committed 7232K, reserved 1048576K
}
Event: 43.634 GC heap after
{Heap after GC invocations=1046 (full 3):
 PSYoungGen      total 10240K, used 1216K [0x00000000eab00000, 0x00000000eb680000, 0x0000000100000000)
  eden space 8704K, 0% used [0x00000000eab00000,0x00000000eab00000,0x00000000eb380000)
  from space 1536K, 79% used [0x00000000eb380000,0x00000000eb4b0000,0x00000000eb500000)
  to   space 1536K, 0% used [0x00000000eb500000,0x00000000eb500000,0x00000000eb680000)
 ParOldGen       total 589312K, used 588890K [0x00000000c0000000, 0x00000000e3f80000, 0x00000000eab00000)
  object space 589312K, 99% used [0x00000000c0000000,0x00000000e3f16bf0,0x00000000e3f80000)
 Metaspace       used 64038K, committed 65472K, reserved 1114112K
  class space    used 6614K, committed 7232K, reserved 1048576K
}
Event: 43.754 GC heap before
{Heap before GC invocations=1047 (full 3):
 PSYoungGen      total 10240K, used 9920K [0x00000000eab00000, 0x00000000eb680000, 0x0000000100000000)
  eden space 8704K, 100% used [0x00000000eab00000,0x00000000eb380000,0x00000000eb380000)
  from space 1536K, 79% used [0x00000000eb380000,0x00000000eb4b0000,0x00000000eb500000)
  to   space 1536K, 0% used [0x00000000eb500000,0x00000000eb500000,0x00000000eb680000)
 ParOldGen       total 589312K, used 588890K [0x00000000c0000000, 0x00000000e3f80000, 0x00000000eab00000)
  object space 589312K, 99% used [0x00000000c0000000,0x00000000e3f16bf0,0x00000000e3f80000)
 Metaspace       used 64044K, committed 65472K, reserved 1114112K
  class space    used 6614K, committed 7232K, reserved 1048576K
}
Event: 43.757 GC heap after
{Heap after GC invocations=1047 (full 3):
 PSYoungGen      total 9728K, used 800K [0x00000000eab00000, 0x00000000eb600000, 0x0000000100000000)
  eden space 8704K, 0% used [0x00000000eab00000,0x00000000eab00000,0x00000000eb380000)
  from space 1024K, 78% used [0x00000000eb500000,0x00000000eb5c8000,0x00000000eb600000)
  to   space 1024K, 0% used [0x00000000eb400000,0x00000000eb400000,0x00000000eb500000)
 ParOldGen       total 590336K, used 589954K [0x00000000c0000000, 0x00000000e4080000, 0x00000000eab00000)
  object space 590336K, 99% used [0x00000000c0000000,0x00000000e4020bf0,0x00000000e4080000)
 Metaspace       used 64044K, committed 65472K, reserved 1114112K
  class space    used 6614K, committed 7232K, reserved 1048576K
}
Event: 43.792 GC heap before
{Heap before GC invocations=1048 (full 3):
 PSYoungGen      total 9728K, used 9504K [0x00000000eab00000, 0x00000000eb600000, 0x0000000100000000)
  eden space 8704K, 100% used [0x00000000eab00000,0x00000000eb380000,0x00000000eb380000)
  from space 1024K, 78% used [0x00000000eb500000,0x00000000eb5c8000,0x00000000eb600000)
  to   space 1024K, 0% used [0x00000000eb400000,0x00000000eb400000,0x00000000eb500000)
 ParOldGen       total 590336K, used 589954K [0x00000000c0000000, 0x00000000e4080000, 0x00000000eab00000)
  object space 590336K, 99% used [0x00000000c0000000,0x00000000e4020bf0,0x00000000e4080000)
 Metaspace       used 64044K, committed 65472K, reserved 1114112K
  class space    used 6614K, committed 7232K, reserved 1048576K
}
Event: 43.795 GC heap after
{Heap after GC invocations=1048 (full 3):
 PSYoungGen      total 9728K, used 1014K [0x00000000eab00000, 0x00000000eb880000, 0x0000000100000000)
  eden space 8704K, 0% used [0x00000000eab00000,0x00000000eab00000,0x00000000eb380000)
  from space 1024K, 99% used [0x00000000eb400000,0x00000000eb4fd808,0x00000000eb500000)
  to   space 2560K, 0% used [0x00000000eb600000,0x00000000eb600000,0x00000000eb880000)
 ParOldGen       total 591360K, used 590851K [0x00000000c0000000, 0x00000000e4180000, 0x00000000eab00000)
  object space 591360K, 99% used [0x00000000c0000000,0x00000000e4100c20,0x00000000e4180000)
 Metaspace       used 64044K, committed 65472K, reserved 1114112K
  class space    used 6614K, committed 7232K, reserved 1048576K
}
Event: 43.909 GC heap before
{Heap before GC invocations=1049 (full 3):
 PSYoungGen      total 9728K, used 9718K [0x00000000eab00000, 0x00000000eb880000, 0x0000000100000000)
  eden space 8704K, 100% used [0x00000000eab00000,0x00000000eb380000,0x00000000eb380000)
  from space 1024K, 99% used [0x00000000eb400000,0x00000000eb4fd808,0x00000000eb500000)
  to   space 2560K, 0% used [0x00000000eb600000,0x00000000eb600000,0x00000000eb880000)
 ParOldGen       total 591360K, used 590851K [0x00000000c0000000, 0x00000000e4180000, 0x00000000eab00000)
  object space 591360K, 99% used [0x00000000c0000000,0x00000000e4100c20,0x00000000e4180000)
 Metaspace       used 64044K, committed 65472K, reserved 1114112K
  class space    used 6614K, committed 7232K, reserved 1048576K
}
Event: 43.912 GC heap after
{Heap after GC invocations=1049 (full 3):
 PSYoungGen      total 10240K, used 1088K [0x00000000eab00000, 0x00000000eb780000, 0x0000000100000000)
  eden space 8704K, 0% used [0x00000000eab00000,0x00000000eab00000,0x00000000eb380000)
  from space 1536K, 70% used [0x00000000eb600000,0x00000000eb710000,0x00000000eb780000)
  to   space 1536K, 0% used [0x00000000eb480000,0x00000000eb480000,0x00000000eb600000)
 ParOldGen       total 592384K, used 591881K [0x00000000c0000000, 0x00000000e4280000, 0x00000000eab00000)
  object space 592384K, 99% used [0x00000000c0000000,0x00000000e4202428,0x00000000e4280000)
 Metaspace       used 64044K, committed 65472K, reserved 1114112K
  class space    used 6614K, committed 7232K, reserved 1048576K
}
Event: 44.006 GC heap before
{Heap before GC invocations=1050 (full 3):
 PSYoungGen      total 10240K, used 9792K [0x00000000eab00000, 0x00000000eb780000, 0x0000000100000000)
  eden space 8704K, 100% used [0x00000000eab00000,0x00000000eb380000,0x00000000eb380000)
  from space 1536K, 70% used [0x00000000eb600000,0x00000000eb710000,0x00000000eb780000)
  to   space 1536K, 0% used [0x00000000eb480000,0x00000000eb480000,0x00000000eb600000)
 ParOldGen       total 592384K, used 591881K [0x00000000c0000000, 0x00000000e4280000, 0x00000000eab00000)
  object space 592384K, 99% used [0x00000000c0000000,0x00000000e4202428,0x00000000e4280000)
 Metaspace       used 64044K, committed 65472K, reserved 1114112K
  class space    used 6614K, committed 7232K, reserved 1048576K
}
Event: 44.009 GC heap after
{Heap after GC invocations=1050 (full 3):
 PSYoungGen      total 9728K, used 640K [0x00000000eab00000, 0x00000000eb680000, 0x0000000100000000)
  eden space 8704K, 0% used [0x00000000eab00000,0x00000000eab00000,0x00000000eb380000)
  from space 1024K, 62% used [0x00000000eb480000,0x00000000eb520000,0x00000000eb580000)
  to   space 1024K, 0% used [0x00000000eb580000,0x00000000eb580000,0x00000000eb680000)
 ParOldGen       total 592896K, used 592465K [0x00000000c0000000, 0x00000000e4300000, 0x00000000eab00000)
  object space 592896K, 99% used [0x00000000c0000000,0x00000000e4294428,0x00000000e4300000)
 Metaspace       used 64044K, committed 65472K, reserved 1114112K
  class space    used 6614K, committed 7232K, reserved 1048576K
}

