# JRE version: OpenJDK Runtime Environment Temurin-21.0.5+11 (21.0.5+11) (build 21.0.5+11-LTS)
# Java VM: OpenJDK 64-Bit Server VM Temurin-21.0.5+11 (21.0.5+11-LTS, mixed mode, sharing, tiered, compressed oops, compressed class ptrs, parallel gc, windows-amd64)
GC Precious Log:
 CardTable entry size: 512
 CPUs: 12 total, 12 available
 Memory: 16176M
 Large Page Support: Disabled
 NUMA Support: Disabled
 Compressed Oops: Enabled (32-bit)
 Alignments: Space 512K, Generation 512K, Heap 2M
 Heap Min Capacity: 100M
 Heap Initial Capacity: 100M
 Heap Max Capacity: 1G
 Pre-touch: Disabled
 Parallel Workers: 10
Heap:
 PSYoungGen      total 4608K, used 956K [0x00000000eab00000, 0x00000000eb180000, 0x0000000100000000)
  eden space 4096K, 12% used [0x00000000eab00000,0x00000000eab7cda0,0x00000000eaf00000)
  from space 512K, 89% used [0x00000000eb100000,0x00000000eb172420,0x00000000eb180000)
  to   space 1024K, 0% used [0x00000000eaf80000,0x00000000eaf80000,0x00000000eb080000)
 ParOldGen       total 552960K, used 552907K [0x00000000c0000000, 0x00000000e1c00000, 0x00000000eab00000)
  object space 552960K, 99% used [0x00000000c0000000,0x00000000e1bf2fe8,0x00000000e1c00000)
 Metaspace       used 83876K, committed 85312K, reserved 1179648K
  class space    used 8091K, committed 8768K, reserved 1048576K
GC Heap History (20 events):
Event: 3562.434 GC heap before
{Heap before GC invocations=4246 (full 9):
 PSYoungGen      total 5120K, used 4987K [0x00000000eab00000, 0x00000000eb280000, 0x0000000100000000)
  eden space 4096K, 100% used [0x00000000eab00000,0x00000000eaf00000,0x00000000eaf00000)
  from space 1024K, 87% used [0x00000000eb180000,0x00000000eb25eec8,0x00000000eb280000)
  to   space 1536K, 0% used [0x00000000eaf80000,0x00000000eaf80000,0x00000000eb100000)
 ParOldGen       total 541696K, used 541220K [0x00000000c0000000, 0x00000000e1100000, 0x00000000eab00000)
  object space 541696K, 99% used [0x00000000c0000000,0x00000000e10891b0,0x00000000e1100000)
 Metaspace       used 83852K, committed 85312K, reserved 1179648K
  class space    used 8091K, committed 8768K, reserved 1048576K
}
Event: 3562.436 GC heap after
{Heap after GC invocations=4246 (full 9):
 PSYoungGen      total 5632K, used 1060K [0x00000000eab00000, 0x00000000eb200000, 0x0000000100000000)
  eden space 4096K, 0% used [0x00000000eab00000,0x00000000eab00000,0x00000000eaf00000)
  from space 1536K, 69% used [0x00000000eaf80000,0x00000000eb089248,0x00000000eb100000)
  to   space 1024K, 0% used [0x00000000eb100000,0x00000000eb100000,0x00000000eb200000)
 ParOldGen       total 542208K, used 542039K [0x00000000c0000000, 0x00000000e1180000, 0x00000000eab00000)
  object space 542208K, 99% used [0x00000000c0000000,0x00000000e1155c50,0x00000000e1180000)
 Metaspace       used 83852K, committed 85312K, reserved 1179648K
  class space    used 8091K, committed 8768K, reserved 1048576K
}
Event: 3562.457 GC heap before
{Heap before GC invocations=4247 (full 9):
 PSYoungGen      total 5632K, used 5156K [0x00000000eab00000, 0x00000000eb200000, 0x0000000100000000)
  eden space 4096K, 100% used [0x00000000eab00000,0x00000000eaf00000,0x00000000eaf00000)
  from space 1536K, 69% used [0x00000000eaf80000,0x00000000eb089248,0x00000000eb100000)
  to   space 1024K, 0% used [0x00000000eb100000,0x00000000eb100000,0x00000000eb200000)
 ParOldGen       total 542208K, used 542039K [0x00000000c0000000, 0x00000000e1180000, 0x00000000eab00000)
  object space 542208K, 99% used [0x00000000c0000000,0x00000000e1155c50,0x00000000e1180000)
 Metaspace       used 83856K, committed 85312K, reserved 1179648K
  class space    used 8091K, committed 8768K, reserved 1048576K
}
Event: 3562.459 GC heap after
{Heap after GC invocations=4247 (full 9):
 PSYoungGen      total 5120K, used 704K [0x00000000eab00000, 0x00000000eb200000, 0x0000000100000000)
  eden space 4096K, 0% used [0x00000000eab00000,0x00000000eab00000,0x00000000eaf00000)
  from space 1024K, 68% used [0x00000000eb100000,0x00000000eb1b0000,0x00000000eb200000)
  to   space 1024K, 0% used [0x00000000eb000000,0x00000000eb000000,0x00000000eb100000)
 ParOldGen       total 543232K, used 542955K [0x00000000c0000000, 0x00000000e1280000, 0x00000000eab00000)
  object space 543232K, 99% used [0x00000000c0000000,0x00000000e123add8,0x00000000e1280000)
 Metaspace       used 83856K, committed 85312K, reserved 1179648K
  class space    used 8091K, committed 8768K, reserved 1048576K
}
Event: 3562.482 GC heap before
{Heap before GC invocations=4248 (full 9):
 PSYoungGen      total 5120K, used 4800K [0x00000000eab00000, 0x00000000eb200000, 0x0000000100000000)
  eden space 4096K, 100% used [0x00000000eab00000,0x00000000eaf00000,0x00000000eaf00000)
  from space 1024K, 68% used [0x00000000eb100000,0x00000000eb1b0000,0x00000000eb200000)
  to   space 1024K, 0% used [0x00000000eb000000,0x00000000eb000000,0x00000000eb100000)
 ParOldGen       total 543232K, used 542955K [0x00000000c0000000, 0x00000000e1280000, 0x00000000eab00000)
  object space 543232K, 99% used [0x00000000c0000000,0x00000000e123add8,0x00000000e1280000)
 Metaspace       used 83871K, committed 85312K, reserved 1179648K
  class space    used 8091K, committed 8768K, reserved 1048576K
}
Event: 3562.486 GC heap after
{Heap after GC invocations=4248 (full 9):
 PSYoungGen      total 5120K, used 995K [0x00000000eab00000, 0x00000000eb400000, 0x0000000100000000)
  eden space 4096K, 0% used [0x00000000eab00000,0x00000000eab00000,0x00000000eaf00000)
  from space 1024K, 97% used [0x00000000eb000000,0x00000000eb0f8f68,0x00000000eb100000)
  to   space 2560K, 0% used [0x00000000eb180000,0x00000000eb180000,0x00000000eb400000)
 ParOldGen       total 544256K, used 543946K [0x00000000c0000000, 0x00000000e1380000, 0x00000000eab00000)
  object space 544256K, 99% used [0x00000000c0000000,0x00000000e13328a0,0x00000000e1380000)
 Metaspace       used 83871K, committed 85312K, reserved 1179648K
  class space    used 8091K, committed 8768K, reserved 1048576K
}
Event: 3562.537 GC heap before
{Heap before GC invocations=4249 (full 9):
 PSYoungGen      total 5120K, used 4959K [0x00000000eab00000, 0x00000000eb400000, 0x0000000100000000)
  eden space 4096K, 96% used [0x00000000eab00000,0x00000000eaedefd8,0x00000000eaf00000)
  from space 1024K, 97% used [0x00000000eb000000,0x00000000eb0f8f68,0x00000000eb100000)
  to   space 2560K, 0% used [0x00000000eb180000,0x00000000eb180000,0x00000000eb400000)
 ParOldGen       total 544256K, used 543946K [0x00000000c0000000, 0x00000000e1380000, 0x00000000eab00000)
  object space 544256K, 99% used [0x00000000c0000000,0x00000000e13328a0,0x00000000e1380000)
 Metaspace       used 83874K, committed 85312K, reserved 1179648K
  class space    used 8091K, committed 8768K, reserved 1048576K
}
Event: 3562.540 GC heap after
{Heap after GC invocations=4249 (full 9):
 PSYoungGen      total 5632K, used 1345K [0x00000000eab00000, 0x00000000eb300000, 0x0000000100000000)
  eden space 4096K, 0% used [0x00000000eab00000,0x00000000eab00000,0x00000000eaf00000)
  from space 1536K, 87% used [0x00000000eb180000,0x00000000eb2d0580,0x00000000eb300000)
  to   space 2048K, 0% used [0x00000000eaf00000,0x00000000eaf00000,0x00000000eb100000)
 ParOldGen       total 545280K, used 544977K [0x00000000c0000000, 0x00000000e1480000, 0x00000000eab00000)
  object space 545280K, 99% used [0x00000000c0000000,0x00000000e14345f8,0x00000000e1480000)
 Metaspace       used 83874K, committed 85312K, reserved 1179648K
  class space    used 8091K, committed 8768K, reserved 1048576K
}
Event: 3562.658 GC heap before
{Heap before GC invocations=4250 (full 9):
 PSYoungGen      total 5632K, used 5441K [0x00000000eab00000, 0x00000000eb300000, 0x0000000100000000)
  eden space 4096K, 100% used [0x00000000eab00000,0x00000000eaf00000,0x00000000eaf00000)
  from space 1536K, 87% used [0x00000000eb180000,0x00000000eb2d0580,0x00000000eb300000)
  to   space 2048K, 0% used [0x00000000eaf00000,0x00000000eaf00000,0x00000000eb100000)
 ParOldGen       total 545280K, used 544977K [0x00000000c0000000, 0x00000000e1480000, 0x00000000eab00000)
  object space 545280K, 99% used [0x00000000c0000000,0x00000000e14345f8,0x00000000e1480000)
 Metaspace       used 83875K, committed 85312K, reserved 1179648K
  class space    used 8091K, committed 8768K, reserved 1048576K
}
Event: 3562.663 GC heap after
{Heap after GC invocations=4250 (full 9):
 PSYoungGen      total 6144K, used 2039K [0x00000000eab00000, 0x00000000eb700000, 0x0000000100000000)
  eden space 4096K, 0% used [0x00000000eab00000,0x00000000eab00000,0x00000000eaf00000)
  from space 2048K, 99% used [0x00000000eaf00000,0x00000000eb0fdd08,0x00000000eb100000)
  to   space 4096K, 0% used [0x00000000eb300000,0x00000000eb300000,0x00000000eb700000)
 ParOldGen       total 546816K, used 546523K [0x00000000c0000000, 0x00000000e1600000, 0x00000000eab00000)
  object space 546816K, 99% used [0x00000000c0000000,0x00000000e15b6c98,0x00000000e1600000)
 Metaspace       used 83875K, committed 85312K, reserved 1179648K
  class space    used 8091K, committed 8768K, reserved 1048576K
}
Event: 3562.717 GC heap before
{Heap before GC invocations=4251 (full 9):
 PSYoungGen      total 6144K, used 6135K [0x00000000eab00000, 0x00000000eb700000, 0x0000000100000000)
  eden space 4096K, 100% used [0x00000000eab00000,0x00000000eaf00000,0x00000000eaf00000)
  from space 2048K, 99% used [0x00000000eaf00000,0x00000000eb0fdd08,0x00000000eb100000)
  to   space 4096K, 0% used [0x00000000eb300000,0x00000000eb300000,0x00000000eb700000)
 ParOldGen       total 546816K, used 546523K [0x00000000c0000000, 0x00000000e1600000, 0x00000000eab00000)
  object space 546816K, 99% used [0x00000000c0000000,0x00000000e15b6c98,0x00000000e1600000)
 Metaspace       used 83875K, committed 85312K, reserved 1179648K
  class space    used 8091K, committed 8768K, reserved 1048576K
}
Event: 3562.720 GC heap after
{Heap after GC invocations=4251 (full 9):
 PSYoungGen      total 7168K, used 2715K [0x00000000eab00000, 0x00000000eb600000, 0x0000000100000000)
  eden space 4096K, 0% used [0x00000000eab00000,0x00000000eab00000,0x00000000eaf00000)
  from space 3072K, 88% used [0x00000000eb300000,0x00000000eb5a6da0,0x00000000eb600000)
  to   space 3072K, 0% used [0x00000000eb000000,0x00000000eb000000,0x00000000eb300000)
 ParOldGen       total 548864K, used 548547K [0x00000000c0000000, 0x00000000e1800000, 0x00000000eab00000)
  object space 548864K, 99% used [0x00000000c0000000,0x00000000e17b0f10,0x00000000e1800000)
 Metaspace       used 83875K, committed 85312K, reserved 1179648K
  class space    used 8091K, committed 8768K, reserved 1048576K
}
Event: 3562.748 GC heap before
{Heap before GC invocations=4252 (full 9):
 PSYoungGen      total 7168K, used 6811K [0x00000000eab00000, 0x00000000eb600000, 0x0000000100000000)
  eden space 4096K, 100% used [0x00000000eab00000,0x00000000eaf00000,0x00000000eaf00000)
  from space 3072K, 88% used [0x00000000eb300000,0x00000000eb5a6da0,0x00000000eb600000)
  to   space 3072K, 0% used [0x00000000eb000000,0x00000000eb000000,0x00000000eb300000)
 ParOldGen       total 548864K, used 548547K [0x00000000c0000000, 0x00000000e1800000, 0x00000000eab00000)
  object space 548864K, 99% used [0x00000000c0000000,0x00000000e17b0f10,0x00000000e1800000)
 Metaspace       used 83876K, committed 85312K, reserved 1179648K
  class space    used 8091K, committed 8768K, reserved 1048576K
}
Event: 3562.752 GC heap after
{Heap after GC invocations=4252 (full 9):
 PSYoungGen      total 5120K, used 907K [0x00000000eab00000, 0x00000000eb380000, 0x0000000100000000)
  eden space 4096K, 0% used [0x00000000eab00000,0x00000000eab00000,0x00000000eaf00000)
  from space 1024K, 88% used [0x00000000eb000000,0x00000000eb0e2f88,0x00000000eb100000)
  to   space 2048K, 0% used [0x00000000eb180000,0x00000000eb180000,0x00000000eb380000)
 ParOldGen       total 551424K, used 551151K [0x00000000c0000000, 0x00000000e1a80000, 0x00000000eab00000)
  object space 551424K, 99% used [0x00000000c0000000,0x00000000e1a3bfa8,0x00000000e1a80000)
 Metaspace       used 83876K, committed 85312K, reserved 1179648K
  class space    used 8091K, committed 8768K, reserved 1048576K
}
Event: 3563.752 GC heap before
{Heap before GC invocations=4253 (full 9):
 PSYoungGen      total 5120K, used 5003K [0x00000000eab00000, 0x00000000eb380000, 0x0000000100000000)
  eden space 4096K, 100% used [0x00000000eab00000,0x00000000eaf00000,0x00000000eaf00000)
  from space 1024K, 88% used [0x00000000eb000000,0x00000000eb0e2f88,0x00000000eb100000)
  to   space 2048K, 0% used [0x00000000eb180000,0x00000000eb180000,0x00000000eb380000)
 ParOldGen       total 551424K, used 551151K [0x00000000c0000000, 0x00000000e1a80000, 0x00000000eab00000)
  object space 551424K, 99% used [0x00000000c0000000,0x00000000e1a3bfa8,0x00000000e1a80000)
 Metaspace       used 83876K, committed 85312K, reserved 1179648K
  class space    used 8091K, committed 8768K, reserved 1048576K
}
Event: 3563.755 GC heap after
{Heap after GC invocations=4253 (full 9):
 PSYoungGen      total 5120K, used 896K [0x00000000eab00000, 0x00000000eb280000, 0x0000000100000000)
  eden space 4096K, 0% used [0x00000000eab00000,0x00000000eab00000,0x00000000eaf00000)
  from space 1024K, 87% used [0x00000000eb180000,0x00000000eb260000,0x00000000eb280000)
  to   space 1024K, 0% used [0x00000000eb000000,0x00000000eb000000,0x00000000eb100000)
 ParOldGen       total 551936K, used 551847K [0x00000000c0000000, 0x00000000e1b00000, 0x00000000eab00000)
  object space 551936K, 99% used [0x00000000c0000000,0x00000000e1ae9fa8,0x00000000e1b00000)
 Metaspace       used 83876K, committed 85312K, reserved 1179648K
  class space    used 8091K, committed 8768K, reserved 1048576K
}
Event: 3563.870 GC heap before
{Heap before GC invocations=4254 (full 9):
 PSYoungGen      total 5120K, used 4992K [0x00000000eab00000, 0x00000000eb280000, 0x0000000100000000)
  eden space 4096K, 100% used [0x00000000eab00000,0x00000000eaf00000,0x00000000eaf00000)
  from space 1024K, 87% used [0x00000000eb180000,0x00000000eb260000,0x00000000eb280000)
  to   space 1024K, 0% used [0x00000000eb000000,0x00000000eb000000,0x00000000eb100000)
 ParOldGen       total 551936K, used 551847K [0x00000000c0000000, 0x00000000e1b00000, 0x00000000eab00000)
  object space 551936K, 99% used [0x00000000c0000000,0x00000000e1ae9fa8,0x00000000e1b00000)
 Metaspace       used 83876K, committed 85312K, reserved 1179648K
  class space    used 8091K, committed 8768K, reserved 1048576K
}
Event: 3563.873 GC heap after
{Heap after GC invocations=4254 (full 9):
 PSYoungGen      total 5120K, used 773K [0x00000000eab00000, 0x00000000eb200000, 0x0000000100000000)
  eden space 4096K, 0% used [0x00000000eab00000,0x00000000eab00000,0x00000000eaf00000)
  from space 1024K, 75% used [0x00000000eb000000,0x00000000eb0c1480,0x00000000eb100000)
  to   space 1024K, 0% used [0x00000000eb100000,0x00000000eb100000,0x00000000eb200000)
 ParOldGen       total 552960K, used 552643K [0x00000000c0000000, 0x00000000e1c00000, 0x00000000eab00000)
  object space 552960K, 99% used [0x00000000c0000000,0x00000000e1bb0fb8,0x00000000e1c00000)
 Metaspace       used 83876K, committed 85312K, reserved 1179648K
  class space    used 8091K, committed 8768K, reserved 1048576K
}
Event: 3564.631 GC heap before
{Heap before GC invocations=4255 (full 9):
 PSYoungGen      total 5120K, used 4869K [0x00000000eab00000, 0x00000000eb200000, 0x0000000100000000)
  eden space 4096K, 100% used [0x00000000eab00000,0x00000000eaf00000,0x00000000eaf00000)
  from space 1024K, 75% used [0x00000000eb000000,0x00000000eb0c1480,0x00000000eb100000)
  to   space 1024K, 0% used [0x00000000eb100000,0x00000000eb100000,0x00000000eb200000)
 ParOldGen       total 552960K, used 552643K [0x00000000c0000000, 0x00000000e1c00000, 0x00000000eab00000)
  object space 552960K, 99% used [0x00000000c0000000,0x00000000e1bb0fb8,0x00000000e1c00000)
 Metaspace       used 83876K, committed 85312K, reserved 1179648K
  class space    used 8091K, committed 8768K, reserved 1048576K
}
Event: 3564.633 GC heap after
{Heap after GC invocations=4255 (full 9):
 PSYoungGen      total 4608K, used 457K [0x00000000eab00000, 0x00000000eb180000, 0x0000000100000000)
  eden space 4096K, 0% used [0x00000000eab00000,0x00000000eab00000,0x00000000eaf00000)
  from space 512K, 89% used [0x00000000eb100000,0x00000000eb172420,0x00000000eb180000)
  to   space 1024K, 0% used [0x00000000eaf80000,0x00000000eaf80000,0x00000000eb080000)
 ParOldGen       total 552960K, used 552907K [0x00000000c0000000, 0x00000000e1c00000, 0x00000000eab00000)
  object space 552960K, 99% used [0x00000000c0000000,0x00000000e1bf2fe8,0x00000000e1c00000)
 Metaspace       used 83876K, committed 85312K, reserved 1179648K
  class space    used 8091K, committed 8768K, reserved 1048576K
}

